<?xml version="1.0" encoding="UTF-8"?>
<testsuite name="MovieStoreTest" tests="4" skipped="0" failures="0" errors="0" timestamp="2021-11-23T12:56:00" hostname="Bernardos-MacBook-Pro.local" time="0.02">
  <properties/>
  <testcase name="findsMoviesWhenTittleArePartiallyMatched()" classname="MovieStoreTest" time="0.014"/>
  <testcase name="returnsNoResultsWhenNoTitlePartiallyMatchSearch()" classname="MovieStoreTest" time="0.001"/>
  <testcase name="findsMoviesWhenReleaseYearIsBetweenTwoValues()" classname="MovieStoreTest" time="0.003"/>
  <testcase name="findsMoviesWhenDirectorExactlyMatched()" classname="MovieStoreTest" time="0.001"/>
  <system-out><![CDATA[]]></system-out>
  <system-err><![CDATA[]]></system-err>
</testsuite>
